<?xml version="1.0" encoding="UTF-8"?>
<!-- Generated by org.testng.reporters.JUnitXMLReporter -->
<testsuite ignored="0" hostname="LAPTOP-E5USAVKI" failures="1" tests="2" name="Test(failed)" time="11.88" errors="0" timestamp="2023-09-11T14:45:20 IST">
  <testcase classname="TestNGBatchExecution1.TC_01" name="batchexecute" time="4.043">
    <failure type="java.lang.AssertionError" message="expected [true] but found [false]">
      <![CDATA[java.lang.AssertionError: expected [true] but found [false]
at TestNGBatchExecution1.TC_01.batchexecute(TC_01.java:18)
at java.base/java.util.ArrayList.forEach(ArrayList.java:1511)
... Removed 33 stack frames]]>
    </failure>
  </testcase> <!-- batchexecute -->
  <testcase classname="TestNGBatchExecution1.TC_04" name="batchexecute" time="7.774"/>
</testsuite> <!-- Test(failed) -->
